{"uuid":"1eda3905-a9fb-4d7f-bccb-1eae33ac4512","historyId":"eeeb459d98bd98d0ca746b425dd6ae1","testCaseId":"76e45bf1d46914f693705fb603d41431","fullName":"src/test/resources/Features/T2_MortgageCalculator.feature:24","labels":[{"name":"host","value":"Ansu"},{"name":"thread","value":"24452@Ansu.main(1)"},{"name":"feature","value":"TD Mortgage Payment Calculator navigation"},{"name":"story","value":"Navigate and enter mortgage details"},{"name":"suite","value":"TD Mortgage Payment Calculator navigation"},{"name":"testClass","value":"Navigate and enter mortgage details"},{"name":"framework","value":"cucumber4jvm"},{"name":"language","value":"java"},{"name":"gherkin_uri","value":"file:///C:/Users/anzub/eclipse-workspace-ansu/SeleniumCucumberJavaProject_TDBank/src/test/resources/Features/T2_MortgageCalculator.feature"},{"name":"package","value":"src.test.resources.Features.T2_MortgageCalculator_feature.TD Mortgage Payment Calculator navigation"}],"links":[],"name":"Navigate and enter mortgage details","status":"broken","statusDetails":{"known":false,"muted":false,"flaky":false,"message":"Expected condition failed: waiting for visibility of element located by By.xpath: (//a[contains(text(), 'Mortgage Payment Calculator')])[1] (tried for 10 second(s) with 500 milliseconds interval)\nBuild info: version: '4.37.0', revision: '3c1da1e342'\nSystem info: os.name: 'Windows 11', os.arch: 'amd64', os.version: '10.0', java.version: '23.0.2'\nDriver info: org.openqa.selenium.chrome.ChromeDriver\nCapabilities {acceptInsecureCerts: false, browserName: chrome, browserVersion: 142.0.7444.60, chrome: {chromedriverVersion: 142.0.7444.61 (9884f628acbc..., userDataDir: C:\\Users\\anzub\\AppData\\Loca...}, fedcm:accounts: true, goog:chromeOptions: {debuggerAddress: localhost:58742}, goog:processID: 22940, networkConnectionEnabled: false, pageLoadStrategy: normal, platformName: windows, proxy: Proxy(), se:cdp: ws://localhost:58742/devtoo..., se:cdpVersion: 142.0.7444.60, setWindowRect: true, strictFileInteractability: false, timeouts: {implicit: 0, pageLoad: 300000, script: 30000}, unhandledPromptBehavior: dismiss and notify, webauthn:extension:credBlob: true, webauthn:extension:largeBlob: true, webauthn:extension:minPinLength: true, webauthn:extension:prf: true, webauthn:virtualAuthenticators: true}\nSession ID: cf90834028ac16977de744898ddfbcc9","trace":"org.openqa.selenium.TimeoutException: Expected condition failed: waiting for visibility of element located by By.xpath: (//a[contains(text(), 'Mortgage Payment Calculator')])[1] (tried for 10 second(s) with 500 milliseconds interval)\nBuild info: version: '4.37.0', revision: '3c1da1e342'\nSystem info: os.name: 'Windows 11', os.arch: 'amd64', os.version: '10.0', java.version: '23.0.2'\nDriver info: org.openqa.selenium.chrome.ChromeDriver\nCapabilities {acceptInsecureCerts: false, browserName: chrome, browserVersion: 142.0.7444.60, chrome: {chromedriverVersion: 142.0.7444.61 (9884f628acbc..., userDataDir: C:\\Users\\anzub\\AppData\\Loca...}, fedcm:accounts: true, goog:chromeOptions: {debuggerAddress: localhost:58742}, goog:processID: 22940, networkConnectionEnabled: false, pageLoadStrategy: normal, platformName: windows, proxy: Proxy(), se:cdp: ws://localhost:58742/devtoo..., se:cdpVersion: 142.0.7444.60, setWindowRect: true, strictFileInteractability: false, timeouts: {implicit: 0, pageLoad: 300000, script: 30000}, unhandledPromptBehavior: dismiss and notify, webauthn:extension:credBlob: true, webauthn:extension:largeBlob: true, webauthn:extension:minPinLength: true, webauthn:extension:prf: true, webauthn:virtualAuthenticators: true}\nSession ID: cf90834028ac16977de744898ddfbcc9\r\n\tat org.openqa.selenium.support.ui.WebDriverWait.timeoutException(WebDriverWait.java:84)\r\n\tat org.openqa.selenium.support.ui.FluentWait.until(FluentWait.java:228)\r\n\tat com.fdmgroup.pages.BasePage.waitForVisibility(BasePage.java:22)\r\n\tat com.fdmgroup.pages.MortgagesMenuPage.clickMortgagePaymentCalculatorMenu(MortgagesMenuPage.java:25)\r\n\tat com.fdmgroup.stepdefinitions.MortgageCalculatorSteps.i_click_the_mortgage_payment_calculator_link(MortgageCalculatorSteps.java:33)\r\n\tat ✽.I click the Mortgage Payment Calculator link(file:///C:/Users/anzub/eclipse-workspace-ansu/SeleniumCucumberJavaProject_TDBank/src/test/resources/Features/T2_MortgageCalculator.feature:12)\r\n"},"stage":"finished","description":"  As a user,\n  I want to access the Mortgage Payment Calculator from the TD homepage\n  So that I can calculate my mortgage payments","steps":[{"name":"Given I navigate to the base URL","status":"passed","statusDetails":{"known":false,"muted":false,"flaky":false},"stage":"finished","steps":[],"attachments":[],"parameters":[],"start":1762440565578,"stop":1762440566906},{"name":"When I open the Mortgages menu","status":"passed","statusDetails":{"known":false,"muted":false,"flaky":false},"stage":"finished","steps":[],"attachments":[],"parameters":[],"start":1762440566906,"stop":1762440567043},{"name":"And I click the Mortgage Payment Calculator link","status":"broken","statusDetails":{"known":false,"muted":false,"flaky":false,"message":"Expected condition failed: waiting for visibility of element located by By.xpath: (//a[contains(text(), 'Mortgage Payment Calculator')])[1] (tried for 10 second(s) with 500 milliseconds interval)\nBuild info: version: '4.37.0', revision: '3c1da1e342'\nSystem info: os.name: 'Windows 11', os.arch: 'amd64', os.version: '10.0', java.version: '23.0.2'\nDriver info: org.openqa.selenium.chrome.ChromeDriver\nCapabilities {acceptInsecureCerts: false, browserName: chrome, browserVersion: 142.0.7444.60, chrome: {chromedriverVersion: 142.0.7444.61 (9884f628acbc..., userDataDir: C:\\Users\\anzub\\AppData\\Loca...}, fedcm:accounts: true, goog:chromeOptions: {debuggerAddress: localhost:58742}, goog:processID: 22940, networkConnectionEnabled: false, pageLoadStrategy: normal, platformName: windows, proxy: Proxy(), se:cdp: ws://localhost:58742/devtoo..., se:cdpVersion: 142.0.7444.60, setWindowRect: true, strictFileInteractability: false, timeouts: {implicit: 0, pageLoad: 300000, script: 30000}, unhandledPromptBehavior: dismiss and notify, webauthn:extension:credBlob: true, webauthn:extension:largeBlob: true, webauthn:extension:minPinLength: true, webauthn:extension:prf: true, webauthn:virtualAuthenticators: true}\nSession ID: cf90834028ac16977de744898ddfbcc9","trace":"org.openqa.selenium.TimeoutException: Expected condition failed: waiting for visibility of element located by By.xpath: (//a[contains(text(), 'Mortgage Payment Calculator')])[1] (tried for 10 second(s) with 500 milliseconds interval)\nBuild info: version: '4.37.0', revision: '3c1da1e342'\nSystem info: os.name: 'Windows 11', os.arch: 'amd64', os.version: '10.0', java.version: '23.0.2'\nDriver info: org.openqa.selenium.chrome.ChromeDriver\nCapabilities {acceptInsecureCerts: false, browserName: chrome, browserVersion: 142.0.7444.60, chrome: {chromedriverVersion: 142.0.7444.61 (9884f628acbc..., userDataDir: C:\\Users\\anzub\\AppData\\Loca...}, fedcm:accounts: true, goog:chromeOptions: {debuggerAddress: localhost:58742}, goog:processID: 22940, networkConnectionEnabled: false, pageLoadStrategy: normal, platformName: windows, proxy: Proxy(), se:cdp: ws://localhost:58742/devtoo..., se:cdpVersion: 142.0.7444.60, setWindowRect: true, strictFileInteractability: false, timeouts: {implicit: 0, pageLoad: 300000, script: 30000}, unhandledPromptBehavior: dismiss and notify, webauthn:extension:credBlob: true, webauthn:extension:largeBlob: true, webauthn:extension:minPinLength: true, webauthn:extension:prf: true, webauthn:virtualAuthenticators: true}\nSession ID: cf90834028ac16977de744898ddfbcc9\r\n\tat org.openqa.selenium.support.ui.WebDriverWait.timeoutException(WebDriverWait.java:84)\r\n\tat org.openqa.selenium.support.ui.FluentWait.until(FluentWait.java:228)\r\n\tat com.fdmgroup.pages.BasePage.waitForVisibility(BasePage.java:22)\r\n\tat com.fdmgroup.pages.MortgagesMenuPage.clickMortgagePaymentCalculatorMenu(MortgagesMenuPage.java:25)\r\n\tat com.fdmgroup.stepdefinitions.MortgageCalculatorSteps.i_click_the_mortgage_payment_calculator_link(MortgageCalculatorSteps.java:33)\r\n\tat ✽.I click the Mortgage Payment Calculator link(file:///C:/Users/anzub/eclipse-workspace-ansu/SeleniumCucumberJavaProject_TDBank/src/test/resources/Features/T2_MortgageCalculator.feature:12)\r\n"},"stage":"finished","steps":[],"attachments":[],"parameters":[],"start":1762440567044,"stop":1762440579358},{"name":"Then the Mortgage Payment Calculator page should be visible","status":"skipped","statusDetails":{"known":false,"muted":false,"flaky":false},"stage":"finished","steps":[],"attachments":[],"parameters":[],"start":1762440579361,"stop":1762440579362},{"name":"Then I enter the value \"50000\" in MortgageAmount","status":"skipped","statusDetails":{"known":false,"muted":false,"flaky":false},"stage":"finished","steps":[],"attachments":[],"parameters":[],"start":1762440579363,"stop":1762440579363},{"name":"And I select \"1 year open 9.95%\" from Term and interest rate dropdown","status":"skipped","statusDetails":{"known":false,"muted":false,"flaky":false},"stage":"finished","steps":[],"attachments":[],"parameters":[],"start":1762440579364,"stop":1762440579364},{"name":"And I select \"25 years\" from Amortization period dropdown","status":"skipped","statusDetails":{"known":false,"muted":false,"flaky":false},"stage":"finished","steps":[],"attachments":[],"parameters":[],"start":1762440579364,"stop":1762440579366},{"name":"And I select \"Monthly\" from Payment frequency dropdown","status":"skipped","statusDetails":{"known":false,"muted":false,"flaky":false},"stage":"finished","steps":[],"attachments":[],"parameters":[],"start":1762440579366,"stop":1762440579367},{"name":"And I click the Calculate button","status":"skipped","statusDetails":{"known":false,"muted":false,"flaky":false},"stage":"finished","steps":[],"attachments":[],"parameters":[],"start":1762440579367,"stop":1762440579367},{"name":"Then the calculated payment should be \"$ 445.56\"","status":"skipped","statusDetails":{"known":false,"muted":false,"flaky":false},"stage":"finished","steps":[],"attachments":[],"parameters":[],"start":1762440579368,"stop":1762440579368}],"attachments":[],"parameters":[{"name":"amount","value":"50000"},{"name":"termInterestRate","value":"1 year open 9.95%"},{"name":"amortizationperiod","value":"25 years"}],"start":1762440564749,"stop":1762440579717}